C51 COMPILER V9.60.0.0   MAIN                                                              03/13/2025 22:05:53 PAGE 1   


C51 COMPILER V9.60.0.0, COMPILATION OF MODULE MAIN
OBJECT MODULE PLACED IN .\Objects\main.obj
COMPILER INVOKED BY: E:\keil5\C51\BIN\C51.EXE main.c OPTIMIZE(8,SPEED) BROWSE DEBUG OBJECTEXTEND PRINT(.\Listings\main.l
                    -st) TABS(2) OBJECT(.\Objects\main.obj)

line level    source

   1          #include <REGX52.H>
   2          void delay()    //@11.0592MHz
   3          {
   4   1        unsigned char i, j, k;
   5   1      
   6   1        i = 22;
   7   1        j = 3;
   8   1        k = 227;
   9   1        do
  10   1        {
  11   2          do
  12   2          {
  13   3            while (--k);
  14   3          } while (--j);
  15   2        } while (--i);
  16   1      }
  17          
  18          
  19          void main()
  20          {
  21   1        while(1)
  22   1        {
  23   2          P2=0xFE;//1111 1110 0xFE
  24   2          delay();
  25   2          P2=0XFD;//1111 1101 0xFD
  26   2          delay();
  27   2          P2=0XFB;//1111 1011 0xFB
  28   2          delay();
  29   2          P2=0XF7;//1111 0111 0xF7
  30   2          delay();
  31   2          P2=0XEF;//1110 1111 0xEF
  32   2          delay();
  33   2          P2=0XDF;//1101 1111 0xDF
  34   2          delay();
  35   2          P2=0XBF;//1011 1111 0xBF
  36   2          delay();
  37   2          P2=0X7F;//0111 1111 0x7F
  38   2          delay();
  39   2        }
  40   1      }


MODULE INFORMATION:   STATIC OVERLAYABLE
   CODE SIZE        =     63    ----
   CONSTANT SIZE    =   ----    ----
   XDATA SIZE       =   ----    ----
   PDATA SIZE       =   ----    ----
   DATA SIZE        =   ----    ----
   IDATA SIZE       =   ----    ----
   BIT SIZE         =   ----    ----
END OF MODULE INFORMATION.


C51 COMPILATION COMPLETE.  0 WARNING(S),  0 ERROR(S)
