C51 COMPILER V9.60.0.0   MAIN                                                              03/13/2025 21:32:09 PAGE 1   


C51 COMPILER V9.60.0.0, COMPILATION OF MODULE MAIN
OBJECT MODULE PLACED IN .\Objects\main.obj
COMPILER INVOKED BY: E:\keil5\C51\BIN\C51.EXE main.c OPTIMIZE(8,SPEED) BROWSE DEBUG OBJECTEXTEND PRINT(.\Listings\main.l
                    -st) TABS(2) OBJECT(.\Objects\main.obj)

line level    source

   1          #include <REGX52.H>
   2          void Delay100ms()   //@11.0592MHz
   3          {
   4   1        unsigned char i, j, k;
   5   1      
   6   1        i = 5;
   7   1        j = 52;
   8   1        k = 195;
   9   1        do
  10   1        {
  11   2          do
  12   2          {
  13   3            while (--k);
  14   3          } while (--j);
  15   2        } while (--i);
  16   1      }
  17          
  18          
  19          void main()
  20          {
  21   1        while(1)
  22   1        {
  23   2          P2=0xFE;
  24   2          Delay100ms();
  25   2          P2=0XFF;
  26   2          Delay100ms();
  27   2        }
  28   1      }


MODULE INFORMATION:   STATIC OVERLAYABLE
   CODE SIZE        =     27    ----
   CONSTANT SIZE    =   ----    ----
   XDATA SIZE       =   ----    ----
   PDATA SIZE       =   ----    ----
   DATA SIZE        =   ----    ----
   IDATA SIZE       =   ----    ----
   BIT SIZE         =   ----    ----
END OF MODULE INFORMATION.


C51 COMPILATION COMPLETE.  0 WARNING(S),  0 ERROR(S)
